{
  "RSpec": {
    "coverage": {
      "/home/ruth/workspace/devmagic/Bazicon/spec/requests/payment_spec.rb": [
        1,
        null,
        1,
        1,
        1,
        1,
        null,
        1,
        null,
        null,
        null
      ],
      "/home/ruth/workspace/devmagic/Bazicon/spec/rails_helper.rb": [
        null,
        1,
        1,
        null,
        1,
        1,
        1,
        null,
        null,
        null,
        null,
        null,
        null,
        null,
        null,
        null,
        null,
        null,
        null,
        null,
        null,
        null,
        null,
        null,
        null,
        null,
        1,
        null,
        1,
        null,
        1,
        null,
        null,
        null,
        null,
        1,
        null,
        null,
        null,
        null,
        null,
        null,
        null,
        null,
        null,
        null,
        null,
        null,
        null,
        null,
        1,
        null,
        null,
        1,
        null,
        null,
        null,
        null,
        1,
        1,
        1,
        null,
        1,
        null,
        null
      ],
      "/home/ruth/workspace/devmagic/Bazicon/config/environment.rb": [
        null,
        1,
        null,
        null,
        1,
        1,
        1
      ],
      "/home/ruth/workspace/devmagic/Bazicon/config/application.rb": [
        1,
        null,
        1,
        null,
        null,
        null,
        1,
        null,
        1,
        1,
        null,
        null,
        null,
        null,
        null,
        null,
        null,
        null,
        null,
        null,
        1,
        1,
        null,
        1,
        null,
        1,
        1,
        null,
        1,
        1,
        null,
        41,
        1,
        null,
        null,
        1,
        1,
        null,
        1,
        1,
        null,
        1,
        1,
        1,
        null,
        null,
        null
      ],
      "/home/ruth/workspace/devmagic/Bazicon/config/boot.rb": [
        null,
        1,
        null,
        1
      ],
      "/home/ruth/workspace/devmagic/Bazicon/config/environments/development.rb": [
        1,
        null,
        null,
        null,
        null,
        null,
        1,
        null,
        null,
        1,
        1,
        null,
        1,
        1,
        null,
        null,
        1,
        null,
        null,
        1,
        null,
        null,
        1,
        null,
        null,
        null,
        null,
        1,
        null,
        null,
        null,
        1,
        null,
        null,
        null,
        null,
        1,
        1,
        1,
        null,
        1,
        null,
        null,
        null,
        null,
        null,
        null,
        null,
        null,
        null,
        null,
        null
      ],
      "/home/ruth/workspace/devmagic/Bazicon/config/initializers/assets.rb": [
        1,
        1,
        1,
        1,
        1,
        1,
        1,
        1
      ],
      "/home/ruth/workspace/devmagic/Bazicon/config/initializers/aws.rb": [
        1,
        1,
        1,
        null,
        1,
        null,
        null,
        null,
        null,
        1,
        null,
        null,
        null,
        null,
        null,
        1,
        null,
        1
      ],
      "/home/ruth/workspace/devmagic/Bazicon/config/initializers/backtrace_silencers.rb": [
        null,
        null,
        null,
        null,
        null,
        null,
        null
      ],
      "/home/ruth/workspace/devmagic/Bazicon/config/initializers/bower_rails.rb": [
        1,
        null,
        null,
        null,
        null,
        null,
        null,
        null,
        null,
        null,
        null,
        null,
        null,
        null,
        null,
        null,
        null,
        null,
        null,
        null,
        null,
        null
      ],
      "/home/ruth/workspace/devmagic/Bazicon/config/initializers/cookies_serializer.rb": [
        null,
        null,
        1
      ],
      "/home/ruth/workspace/devmagic/Bazicon/config/initializers/devise.rb": [
        null,
        null,
        1,
        null,
        null,
        null,
        null,
        null,
        null,
        null,
        null,
        null,
        null,
        null,
        1,
        null,
        null,
        null,
        null,
        null,
        null,
        null,
        null,
        null,
        null,
        null,
        1,
        null,
        null,
        null,
        null,
        null,
        null,
        null,
        null,
        null,
        null,
        null,
        null,
        null,
        null,
        null,
        null,
        null,
        null,
        null,
        null,
        null,
        1,
        null,
        null,
        null,
        null,
        1,
        null,
        null,
        null,
        null,
        null,
        null,
        null,
        null,
        null,
        null,
        null,
        null,
        null,
        null,
        null,
        null,
        null,
        null,
        null,
        null,
        null,
        null,
        null,
        null,
        null,
        null,
        null,
        null,
        null,
        null,
        1,
        null,
        null,
        null,
        null,
        null,
        null,
        null,
        null,
        null,
        null,
        null,
        null,
        null,
        null,
        null,
        null,
        null,
        null,
        null,
        null,
        null,
        null,
        1,
        null,
        null,
        null,
        null,
        null,
        null,
        null,
        null,
        null,
        null,
        null,
        null,
        null,
        null,
        null,
        null,
        null,
        null,
        null,
        null,
        null,
        null,
        null,
        null,
        null,
        null,
        null,
        null,
        null,
        null,
        1,
        null,
        null,
        null,
        null,
        null,
        null,
        null,
        null,
        null,
        1,
        null,
        null,
        null,
        null,
        null,
        null,
        null,
        null,
        null,
        null,
        1,
        null,
        null,
        null,
        null,
        1,
        null,
        null,
        null,
        null,
        null,
        null,
        null,
        null,
        null,
        null,
        null,
        null,
        null,
        null,
        null,
        null,
        null,
        null,
        null,
        null,
        null,
        null,
        null,
        null,
        null,
        null,
        null,
        null,
        null,
        null,
        null,
        null,
        null,
        null,
        null,
        null,
        null,
        null,
        null,
        null,
        1,
        null,
        null,
        null,
        null,
        null,
        null,
        null,
        null,
        null,
        null,
        null,
        null,
        null,
        null,
        null,
        null,
        null,
        null,
        null,
        null,
        null,
        null,
        null,
        null,
        null,
        null,
        null,
        null,
        null,
        null,
        null,
        null,
        null,
        null,
        null,
        null,
        null,
        null,
        null,
        null,
        null,
        1,
        null,
        null,
        null,
        null,
        null,
        null,
        null,
        null,
        null,
        null,
        null,
        null,
        null,
        null,
        null,
        null,
        null,
        null,
        null,
        null,
        null,
        null,
        null,
        null,
        null,
        null,
        null,
        null,
        null
      ],
      "/home/ruth/workspace/devmagic/Bazicon/config/initializers/filter_parameter_logging.rb": [
        null,
        null,
        null,
        1
      ],
      "/home/ruth/workspace/devmagic/Bazicon/config/initializers/inflections.rb": [
        null,
        null,
        null,
        null,
        null,
        null,
        null,
        null,
        null,
        null,
        null,
        null,
        null,
        null,
        null,
        null
      ],
      "/home/ruth/workspace/devmagic/Bazicon/config/initializers/mime_types.rb": [
        null,
        null,
        null,
        null,
        null,
        null,
        1
      ],
      "/home/ruth/workspace/devmagic/Bazicon/config/initializers/session_store.rb": [
        null,
        null,
        1
      ],
      "/home/ruth/workspace/devmagic/Bazicon/config/initializers/wrap_parameters.rb": [
        null,
        null,
        null,
        null,
        null,
        null,
        1,
        2,
        null,
        null,
        null,
        null,
        null,
        null
      ],
      "/home/ruth/workspace/devmagic/Bazicon/spec/factories/expa_managers.rb": [
        1,
        1,
        1,
        1,
        1,
        1,
        null,
        null
      ],
      "/home/ruth/workspace/devmagic/Bazicon/spec/factories/expa_opportunity.rb": [
        1,
        1,
        null,
        null,
        null
      ],
      "/home/ruth/workspace/devmagic/Bazicon/spec/factories/expa_opportunity_managers.rb": [
        1,
        1,
        null,
        null,
        null
      ],
      "/home/ruth/workspace/devmagic/Bazicon/spec/factories/expa_person.rb": [
        1,
        1,
        null,
        null,
        null
      ],
      "/home/ruth/workspace/devmagic/Bazicon/spec/factories/expa_person_managers.rb": [
        1,
        1,
        1,
        1,
        null,
        null
      ],
      "/home/ruth/workspace/devmagic/Bazicon/spec/factories/payments.rb": [
        1,
        1,
        1,
        1,
        1,
        1,
        1,
        1,
        null,
        null
      ],
      "/home/ruth/workspace/devmagic/Bazicon/spec/factories/users.rb": [
        1,
        1,
        null,
        null,
        null
      ],
      "/home/ruth/workspace/devmagic/Bazicon/config/routes.rb": [
        1,
        1,
        1,
        null,
        null,
        1,
        1,
        1,
        1,
        1,
        1,
        1,
        1,
        null,
        1,
        null
      ],
      "/home/ruth/workspace/devmagic/Bazicon/app/models/user.rb": [
        1,
        null,
        null,
        1,
        null,
        null
      ],
      "/home/ruth/workspace/devmagic/Bazicon/app/models/application_record.rb": [
        1,
        1,
        null
      ],
      "/home/ruth/workspace/devmagic/Bazicon/app/helpers/application_helper.rb": [
        1,
        null,
        1,
        0,
        null,
        null,
        1,
        0,
        null,
        null
      ],
      "/home/ruth/workspace/devmagic/Bazicon/app/helpers/digital_transformation_helper.rb": [
        1,
        1,
        null,
        0,
        0,
        0,
        0,
        null,
        0,
        0,
        null,
        null,
        null,
        null
      ],
      "/home/ruth/workspace/devmagic/Bazicon/app/helpers/payments_helper.rb": [
        1,
        null
      ],
      "/home/ruth/workspace/devmagic/Bazicon/app/controllers/payments_controller.rb": [
        1,
        1,
        null,
        null
      ],
      "/home/ruth/workspace/devmagic/Bazicon/app/controllers/application_controller.rb": [
        1,
        null,
        null,
        1,
        null,
        null,
        null,
        null,
        null,
        null,
        null,
        null,
        null,
        null,
        null,
        null,
        null,
        null,
        null,
        null,
        null,
        null
      ]
    },
    "timestamp": 1510582588
  }
}
